<?xml version="1.0" encoding="UTF-8"?>
<!-- Generated by org.testng.reporters.JUnitReportReporter -->
<testsuite hostname="APMOSYSLT0366" failures="0" tests="1" name="com.Ishine.testcase.OTPtest" time="4.623" errors="0" timestamp="2023-07-07T15:18:40 IST" skipped="0">
  <testcase classname="com.Ishine.testcase.OTPtest" name="CheckTheOTPBox" time="4.623"/>
  <system-out/>
</testsuite> <!-- com.Ishine.testcase.OTPtest -->
