<?xml version="1.0" encoding="UTF-8"?>
<!-- Generated by org.testng.reporters.JUnitReportReporter -->
<testsuite hostname="APMOSYSLT0366" failures="0" tests="1" name="com.Ishine.testcase.IshinePageDisplayTest" time="20.528" errors="0" timestamp="2023-07-13T18:17:07 IST" skipped="0">
  <testcase classname="com.Ishine.testcase.IshinePageDisplayTest" name="checkIshineImage" time="20.528"/>
  <system-out/>
</testsuite> <!-- com.Ishine.testcase.IshinePageDisplayTest -->
