<?xml version="1.0" encoding="UTF-8"?>
<!-- Generated by org.testng.reporters.JUnitReportReporter -->
<testsuite hostname="APMOSYSLT0366" failures="0" tests="1" name="com.Ishine.testcase.SignInTest" time="21.090" errors="0" timestamp="2023-07-07T13:42:31 IST" skipped="0">
  <testcase classname="com.Ishine.testcase.SignInTest" name="CheckSignInButton" time="21.090"/>
  <system-out/>
</testsuite> <!-- com.Ishine.testcase.SignInTest -->
