<?xml version="1.0" encoding="UTF-8"?>
<!-- Generated by org.testng.reporters.JUnitReportReporter -->
<testsuite hostname="APMOSYSLT0366" failures="0" tests="1" name="com.Ishine.testcase.HomeTest" time="5.538" errors="0" timestamp="2023-07-18T10:48:18 IST" skipped="0">
  <testcase classname="com.Ishine.testcase.HomeTest" name="CheckTheHomePage" time="5.538"/>
  <system-out/>
</testsuite> <!-- com.Ishine.testcase.HomeTest -->
